-------------------------------------------------------------------------------
Test set: com.javaunit3.springmvc.SpringmvcApplicationTests
-------------------------------------------------------------------------------
Tests run: 1, Failures: 0, Errors: 1, Skipped: 0, Time elapsed: 0.228 s <<< FAILURE! - in com.javaunit3.springmvc.SpringmvcApplicationTests
com.javaunit3.springmvc.SpringmvcApplicationTests  Time elapsed: 0.228 s  <<< ERROR!
java.lang.IllegalStateException: Unable to find a @SpringBootConfiguration, you need to use @ContextConfiguration or @SpringBootTest(classes=...) with your test

